<?xml version="1.0" encoding="UTF-8"?>
<!-- Generated by org.testng.reporters.JUnitXMLReporter -->
<testsuite hostname="Mohammads-MacBook-Pro.local" ignored="0" name="Default test" tests="3" failures="0" timestamp="2022-06-25T16:44:29 EDT" time="2.562" errors="0">
  <testcase name="btestCase_2" time="0.007" classname="com.ups.test.UpsTrackingPageTest"/>
  <testcase name="ctestCase_1" time="0.0" classname="com.ups.test.UpsTrackingPageTest"/>
  <testcase name="avalidateUpsTrackingErrorMsg_1" time="0.618" classname="com.ups.test.UpsTrackingPageTest"/>
</testsuite> <!-- Default test -->
