<?xml version="1.0" encoding="UTF-8"?>
<!-- Generated by org.testng.reporters.JUnitXMLReporter -->
<testsuite hostname="Mohammads-MacBook-Pro.local" ignored="4" name="SanityTest" tests="2" failures="0" timestamp="2022-06-25T17:16:36 EDT" time="10.715" errors="0">
  <testcase name="btestCase_2" time="0.011" classname="com.ups.test.UpsTrackingPageTest"/>
  <testcase name="upsLoginTestWrongUserId" time="4.515" classname="com.ups.test.UpsLoginPageTest"/>
  <testcase name="test" time="0.0" classname="com.ups.test.TestClass">
    <ignored/>
  </testcase> <!-- test -->
  <testcase name="avalidateUpsTrackingErrorMsg_1" time="0.0" classname="com.ups.test.UpsTrackingPageTest">
    <ignored/>
  </testcase> <!-- avalidateUpsTrackingErrorMsg_1 -->
  <testcase name="ctestCase_1" time="0.0" classname="com.ups.test.UpsTrackingPageTest">
    <ignored/>
  </testcase> <!-- ctestCase_1 -->
  <testcase name="sumTest" time="0.0" classname="com.ups.test.TestClass">
    <ignored/>
  </testcase> <!-- sumTest -->
</testsuite> <!-- SanityTest -->
