<?xml version="1.0" encoding="UTF-8"?>
<!-- Generated by org.testng.reporters.JUnitXMLReporter -->
<testsuite hostname="Mohammads-MacBook-Pro.local" ignored="5" name="SmokeTest" tests="1" failures="0" timestamp="2022-06-25T17:17:08 EDT" time="5.504" errors="0">
  <testcase name="test" time="0.007" classname="com.ups.test.TestClass"/>
  <testcase name="avalidateUpsTrackingErrorMsg_1" time="0.0" classname="com.ups.test.UpsTrackingPageTest">
    <ignored/>
  </testcase> <!-- avalidateUpsTrackingErrorMsg_1 -->
  <testcase name="btestCase_2" time="0.0" classname="com.ups.test.UpsTrackingPageTest">
    <ignored/>
  </testcase> <!-- btestCase_2 -->
  <testcase name="ctestCase_1" time="0.0" classname="com.ups.test.UpsTrackingPageTest">
    <ignored/>
  </testcase> <!-- ctestCase_1 -->
  <testcase name="sumTest" time="0.0" classname="com.ups.test.TestClass">
    <ignored/>
  </testcase> <!-- sumTest -->
  <testcase name="upsLoginTestWrongUserId" time="0.0" classname="com.ups.test.UpsLoginPageTest">
    <ignored/>
  </testcase> <!-- upsLoginTestWrongUserId -->
</testsuite> <!-- SmokeTest -->
