<?xml version="1.0" encoding="UTF-8"?>
<!-- Generated by org.testng.reporters.JUnitXMLReporter -->
<testsuite hostname="Automata" ignored="0" name="Test" tests="4" failures="0" timestamp="2022-06-18T17:30:41 EDT" time="8.561" errors="0">
  <testcase name="testCase_1" time="0.034" classname="com.ups.test.UpsTrackingPageTest"/>
  <testcase name="testCase_2" time="0.002" classname="com.ups.test.UpsTrackingPageTest"/>
  <testcase name="validateUpsTrackingErrorMsg_1" time="1.338" classname="com.ups.test.UpsTrackingPageTest"/>
  <testcase name="test" time="0.001" classname="com.ups.test.TestClass"/>
</testsuite> <!-- Test -->
