<?xml version="1.0" encoding="UTF-8"?>
<testng-results skipped="0" failed="0" ignored="0" total="2" passed="2">
  <reporter-output>
  </reporter-output>
  <suite name="UPS Login Page Cross Browser Test Suite" duration-ms="59794" started-at="2022-06-25T18:05:33 EDT" finished-at="2022-06-25T18:06:33 EDT">
    <groups>
      <group name="regressionTest">
        <method signature="UpsLoginPageTest.upsLoginTestWrongUserId()[pri:0, instance:com.ups.test.UpsLoginPageTest@2fd66ad3]" name="upsLoginTestWrongUserId" class="com.ups.test.UpsLoginPageTest"/>
        <method signature="UpsLoginPageTest.upsLoginTestWrongUserId()[pri:0, instance:com.ups.test.UpsLoginPageTest@71d15f18]" name="upsLoginTestWrongUserId" class="com.ups.test.UpsLoginPageTest"/>
      </group> <!-- regressionTest -->
      <group name="sanityTest">
        <method signature="UpsLoginPageTest.upsLoginTestWrongUserId()[pri:0, instance:com.ups.test.UpsLoginPageTest@2fd66ad3]" name="upsLoginTestWrongUserId" class="com.ups.test.UpsLoginPageTest"/>
        <method signature="UpsLoginPageTest.upsLoginTestWrongUserId()[pri:0, instance:com.ups.test.UpsLoginPageTest@71d15f18]" name="upsLoginTestWrongUserId" class="com.ups.test.UpsLoginPageTest"/>
      </group> <!-- sanityTest -->
    </groups>
    <test name="Ups Login Test-Chrome Browser" duration-ms="28109" started-at="2022-06-25T18:05:33 EDT" finished-at="2022-06-25T18:06:01 EDT">
      <class name="com.ups.test.UpsLoginPageTest">
        <test-method status="PASS" signature="beforeTest(java.lang.String)[pri:0, instance:com.ups.test.UpsLoginPageTest@2fd66ad3]" name="beforeTest" is-config="true" duration-ms="21503" started-at="2022-06-25T18:05:33 EDT" finished-at="2022-06-25T18:05:54 EDT">
          <params>
            <param index="0">
              <value>
                <![CDATA[chrome]]>
              </value>
            </param>
          </params>
          <reporter-output>
          </reporter-output>
        </test-method> <!-- beforeTest -->
        <test-method status="PASS" signature="upsLoginTestWrongUserId()[pri:0, instance:com.ups.test.UpsLoginPageTest@2fd66ad3]" name="upsLoginTestWrongUserId" duration-ms="6415" started-at="2022-06-25T18:05:54 EDT" finished-at="2022-06-25T18:06:01 EDT">
          <reporter-output>
          </reporter-output>
        </test-method> <!-- upsLoginTestWrongUserId -->
        <test-method status="PASS" signature="afterTest()[pri:0, instance:com.ups.test.UpsLoginPageTest@2fd66ad3]" name="afterTest" is-config="true" duration-ms="166" started-at="2022-06-25T18:06:01 EDT" finished-at="2022-06-25T18:06:01 EDT">
          <reporter-output>
          </reporter-output>
        </test-method> <!-- afterTest -->
      </class> <!-- com.ups.test.UpsLoginPageTest -->
    </test> <!-- Ups Login Test-Chrome Browser -->
    <test name="Ups Login Test-Firefox Browser" duration-ms="59794" started-at="2022-06-25T18:05:33 EDT" finished-at="2022-06-25T18:06:33 EDT">
      <class name="com.ups.test.UpsLoginPageTest">
        <test-method status="PASS" signature="beforeTest(java.lang.String)[pri:0, instance:com.ups.test.UpsLoginPageTest@71d15f18]" name="beforeTest" is-config="true" duration-ms="54430" started-at="2022-06-25T18:05:33 EDT" finished-at="2022-06-25T18:06:27 EDT">
          <params>
            <param index="0">
              <value>
                <![CDATA[firefox]]>
              </value>
            </param>
          </params>
          <reporter-output>
          </reporter-output>
        </test-method> <!-- beforeTest -->
        <test-method status="PASS" signature="upsLoginTestWrongUserId()[pri:0, instance:com.ups.test.UpsLoginPageTest@71d15f18]" name="upsLoginTestWrongUserId" duration-ms="4570" started-at="2022-06-25T18:06:27 EDT" finished-at="2022-06-25T18:06:32 EDT">
          <reporter-output>
          </reporter-output>
        </test-method> <!-- upsLoginTestWrongUserId -->
        <test-method status="PASS" signature="afterTest()[pri:0, instance:com.ups.test.UpsLoginPageTest@71d15f18]" name="afterTest" is-config="true" duration-ms="789" started-at="2022-06-25T18:06:32 EDT" finished-at="2022-06-25T18:06:33 EDT">
          <reporter-output>
          </reporter-output>
        </test-method> <!-- afterTest -->
      </class> <!-- com.ups.test.UpsLoginPageTest -->
    </test> <!-- Ups Login Test-Firefox Browser -->
  </suite> <!-- UPS Login Page Cross Browser Test Suite -->
</testng-results>
